1489052882020	geckodriver	INFO	Listening on 127.0.0.1:62303
1489052884017	mozprofile::profile	INFO	Using profile path C:\Users\ADMINI~1\AppData\Local\Temp\rust_mozprofile.Ymc55reBLsbl
1489052884035	geckodriver::marionette	INFO	Starting browser C:\Program Files (x86)\Mozilla Firefox\firefox.exe
1489052884059	geckodriver::marionette	INFO	Connecting to Marionette on localhost:62313
1489052884234	addons.manager	DEBUG	Application has been upgraded
1489052884256	addons.manager	DEBUG	Loaded provider scope for resource://gre/modules/addons/XPIProvider.jsm: ["XPIProvider"]
1489052884258	addons.manager	DEBUG	Loaded provider scope for resource://gre/modules/LightweightThemeManager.jsm: ["LightweightThemeManager"]
1489052884261	addons.manager	DEBUG	Loaded provider scope for resource://gre/modules/addons/GMPProvider.jsm
1489052884262	addons.manager	DEBUG	Loaded provider scope for resource://gre/modules/addons/PluginProvider.jsm
1489052884263	addons.manager	DEBUG	Starting provider: XPIProvider
1489052884263	addons.xpi	DEBUG	startup
1489052884263	addons.xpi	INFO	SystemAddonInstallLocation directory is missing
1489052884264	addons.xpi	INFO	Mapping aushelper@mozilla.org to C:\Program Files (x86)\Mozilla Firefox\browser\features\aushelper@mozilla.org.xpi
1489052884264	addons.xpi	INFO	Mapping e10srollout@mozilla.org to C:\Program Files (x86)\Mozilla Firefox\browser\features\e10srollout@mozilla.org.xpi
1489052884264	addons.xpi	INFO	Mapping firefox@getpocket.com to C:\Program Files (x86)\Mozilla Firefox\browser\features\firefox@getpocket.com.xpi
1489052884265	addons.xpi	INFO	Mapping webcompat@mozilla.org to C:\Program Files (x86)\Mozilla Firefox\browser\features\webcompat@mozilla.org.xpi
1489052884265	addons.xpi	INFO	Mapping {972ce4c6-7e08-4474-a285-3208198ce6fd} to C:\Program Files (x86)\Mozilla Firefox\browser\extensions\{972ce4c6-7e08-4474-a285-3208198ce6fd}.xpi
1489052884265	addons.xpi	DEBUG	checkForChanges
1489052884266	addons.xpi	DEBUG	Loaded add-on state from prefs: {}
1489052884266	addons.xpi	DEBUG	New add-on aushelper@mozilla.org in app-system-defaults
1489052884267	addons.xpi	DEBUG	getModTime: Recursive scan of aushelper@mozilla.org
1489052884267	addons.xpi	DEBUG	New add-on e10srollout@mozilla.org in app-system-defaults
1489052884268	addons.xpi	DEBUG	getModTime: Recursive scan of e10srollout@mozilla.org
1489052884268	addons.xpi	DEBUG	New add-on firefox@getpocket.com in app-system-defaults
1489052884268	addons.xpi	DEBUG	getModTime: Recursive scan of firefox@getpocket.com
1489052884268	addons.xpi	DEBUG	New add-on webcompat@mozilla.org in app-system-defaults
1489052884269	addons.xpi	DEBUG	getModTime: Recursive scan of webcompat@mozilla.org
1489052884269	addons.xpi	DEBUG	New add-on {972ce4c6-7e08-4474-a285-3208198ce6fd} in app-global
1489052884269	addons.xpi	DEBUG	getModTime: Recursive scan of {972ce4c6-7e08-4474-a285-3208198ce6fd}
1489052884270	addons.xpi	DEBUG	getInstallState changed: true, state: {"app-system-defaults":{"aushelper@mozilla.org":{"d":"C:\\Program Files (x86)\\Mozilla Firefox\\browser\\features\\aushelper@mozilla.org.xpi","st":1485383495555},"e10srollout@mozilla.org":{"d":"C:\\Program Files (x86)\\Mozilla Firefox\\browser\\features\\e10srollout@mozilla.org.xpi","st":1485383495559},"firefox@getpocket.com":{"d":"C:\\Program Files (x86)\\Mozilla Firefox\\browser\\features\\firefox@getpocket.com.xpi","st":1485383504961},"webcompat@mozilla.org":{"d":"C:\\Program Files (x86)\\Mozilla Firefox\\browser\\features\\webcompat@mozilla.org.xpi","st":1485383495582}},"app-global":{"{972ce4c6-7e08-4474-a285-3208198ce6fd}":{"d":"C:\\Program Files (x86)\\Mozilla Firefox\\browser\\extensions\\{972ce4c6-7e08-4474-a285-3208198ce6fd}.xpi","st":1485383495651}}}
1489052884278	addons.xpi-utils	DEBUG	Opening XPI database C:\Users\ADMINI~1\AppData\Local\Temp\rust_mozprofile.Ymc55reBLsbl\extensions.json
1489052884280	addons.xpi-utils	DEBUG	New add-on aushelper@mozilla.org installed in app-system-defaults
*** Blocklist::_loadBlocklistFromFile: blocklist is disabled
1489052884290	DeferredSave.extensions.json	DEBUG	Save changes
1489052884291	addons.xpi-utils	DEBUG	New add-on e10srollout@mozilla.org installed in app-system-defaults
1489052884293	DeferredSave.extensions.json	DEBUG	Starting timer
1489052884294	DeferredSave.extensions.json	DEBUG	Save changes
1489052884294	addons.xpi-utils	DEBUG	New add-on firefox@getpocket.com installed in app-system-defaults
1489052884298	DeferredSave.extensions.json	DEBUG	Save changes
1489052884298	addons.xpi-utils	DEBUG	New add-on webcompat@mozilla.org installed in app-system-defaults
1489052884301	DeferredSave.extensions.json	DEBUG	Save changes
1489052884302	addons.xpi-utils	DEBUG	New add-on {972ce4c6-7e08-4474-a285-3208198ce6fd} installed in app-global
1489052884304	DeferredSave.extensions.json	DEBUG	Save changes
1489052884305	addons.manager	DEBUG	Registering startup change 'installed' for aushelper@mozilla.org
1489052884311	addons.xpi	DEBUG	Loading bootstrap scope from C:\Program Files (x86)\Mozilla Firefox\browser\features\aushelper@mozilla.org.xpi
1489052884314	addons.xpi	DEBUG	Calling bootstrap method install on aushelper@mozilla.org version 1.0
1489052884315	addons.xpi-utils	DEBUG	Make addon app-system-defaults:aushelper@mozilla.org visible
1489052884315	DeferredSave.extensions.json	DEBUG	Save changes
1489052884315	addons.manager	DEBUG	Registering startup change 'installed' for e10srollout@mozilla.org
1489052884316	addons.xpi	DEBUG	Loading bootstrap scope from C:\Program Files (x86)\Mozilla Firefox\browser\features\e10srollout@mozilla.org.xpi
1489052884317	addons.xpi	DEBUG	Calling bootstrap method install on e10srollout@mozilla.org version 1.7
1489052884318	addons.xpi-utils	DEBUG	Make addon app-system-defaults:e10srollout@mozilla.org visible
1489052884319	DeferredSave.extensions.json	DEBUG	Save changes
1489052884319	addons.manager	DEBUG	Registering startup change 'installed' for firefox@getpocket.com
1489052884320	addons.xpi	DEBUG	Loading bootstrap scope from C:\Program Files (x86)\Mozilla Firefox\browser\features\firefox@getpocket.com.xpi
1489052884323	addons.xpi	DEBUG	Calling bootstrap method install on firefox@getpocket.com version 1.0.5
1489052884323	addons.xpi-utils	DEBUG	Make addon app-system-defaults:firefox@getpocket.com visible
1489052884323	DeferredSave.extensions.json	DEBUG	Save changes
1489052884323	addons.manager	DEBUG	Registering startup change 'installed' for webcompat@mozilla.org
1489052884323	addons.xpi	DEBUG	Loading bootstrap scope from C:\Program Files (x86)\Mozilla Firefox\browser\features\webcompat@mozilla.org.xpi
1489052884325	addons.xpi	DEBUG	Calling bootstrap method install on webcompat@mozilla.org version 1.0
1489052884325	addons.xpi-utils	DEBUG	Make addon app-system-defaults:webcompat@mozilla.org visible
1489052884325	DeferredSave.extensions.json	DEBUG	Save changes
1489052884325	addons.xpi-utils	DEBUG	Make addon app-global:{972ce4c6-7e08-4474-a285-3208198ce6fd} visible
1489052884325	DeferredSave.extensions.json	DEBUG	Save changes
1489052884326	addons.xpi	DEBUG	Updating XPIState for {"id":"aushelper@mozilla.org","syncGUID":"{fb1884fa-4010-4465-8c7d-d63d5f9e0003}","location":"app-system-defaults","version":"1.0","type":"extension","internalName":null,"updateURL":null,"updateKey":null,"optionsURL":null,"optionsType":null,"aboutURL":null,"icons":{},"iconURL":null,"icon64URL":null,"defaultLocale":{"name":"Application Update Service Helper","description":"Sets value(s) in the update url based on custom checks.","creator":null,"homepageURL":null},"visible":true,"active":true,"userDisabled":false,"appDisabled":false,"descriptor":"C:\\Program Files (x86)\\Mozilla Firefox\\browser\\features\\aushelper@mozilla.org.xpi","installDate":1485383495555,"updateDate":1485383495555,"applyBackgroundUpdates":1,"bootstrap":true,"skinnable":false,"size":5975,"sourceURI":null,"releaseNotesURI":null,"softDisabled":false,"foreignInstall":false,"hasBinaryComponents":false,"strictCompatibility":false,"locales":[],"targetApplications":[{"id":"{ec8030f7-c20a-464f-9b0e-13a3a9e97384}","minVersion":"51.0.1","maxVersion":"51.*"}],"targetPlatforms":[],"multiprocessCompatible":true,"seen":true,"dependencies":[],"hasEmbeddedWebExtension":false,"mpcOptedOut":false}
1489052884326	addons.xpi	DEBUG	getModTime: Recursive scan of aushelper@mozilla.org
1489052884326	addons.xpi	DEBUG	Updating XPIState for {"id":"e10srollout@mozilla.org","syncGUID":"{d6d7bbe5-aff8-42a8-b2d0-b9f54c7a7b1c}","location":"app-system-defaults","version":"1.7","type":"extension","internalName":null,"updateURL":null,"updateKey":null,"optionsURL":null,"optionsType":null,"aboutURL":null,"icons":{},"iconURL":null,"icon64URL":null,"defaultLocale":{"name":"Multi-process staged rollout","description":"Staged rollout of Firefox multi-process feature.","creator":null,"homepageURL":null},"visible":true,"active":true,"userDisabled":false,"appDisabled":false,"descriptor":"C:\\Program Files (x86)\\Mozilla Firefox\\browser\\features\\e10srollout@mozilla.org.xpi","installDate":1485383495559,"updateDate":1485383495559,"applyBackgroundUpdates":1,"bootstrap":true,"skinnable":false,"size":6997,"sourceURI":null,"releaseNotesURI":null,"softDisabled":false,"foreignInstall":false,"hasBinaryComponents":false,"strictCompatibility":false,"locales":[],"targetApplications":[{"id":"{ec8030f7-c20a-464f-9b0e-13a3a9e97384}","minVersion":"51.0.1","maxVersion":"51.*"}],"targetPlatforms":[],"multiprocessCompatible":true,"seen":true,"dependencies":[],"hasEmbeddedWebExtension":false,"mpcOptedOut":false}
1489052884326	addons.xpi	DEBUG	getModTime: Recursive scan of e10srollout@mozilla.org
1489052884327	addons.xpi	DEBUG	Updating XPIState for {"id":"firefox@getpocket.com","syncGUID":"{93b280f7-d373-44d0-8dfe-a1f724cd2e5d}","location":"app-system-defaults","version":"1.0.5","type":"extension","internalName":null,"updateURL":null,"updateKey":null,"optionsURL":null,"optionsType":null,"aboutURL":null,"icons":{},"iconURL":null,"icon64URL":null,"defaultLocale":{"name":"Pocket","description":"When you find something you want to view later, put it in Pocket.","creator":null,"homepageURL":null},"visible":true,"active":true,"userDisabled":false,"appDisabled":false,"descriptor":"C:\\Program Files (x86)\\Mozilla Firefox\\browser\\features\\firefox@getpocket.com.xpi","installDate":1485383504961,"updateDate":1485383504961,"applyBackgroundUpdates":1,"bootstrap":true,"skinnable":false,"size":921059,"sourceURI":null,"releaseNotesURI":null,"softDisabled":false,"foreignInstall":false,"hasBinaryComponents":false,"strictCompatibility":false,"locales":[],"targetApplications":[{"id":"{ec8030f7-c20a-464f-9b0e-13a3a9e97384}","minVersion":"51.0.1","maxVersion":"51.*"}],"targetPlatforms":[],"multiprocessCompatible":true,"seen":true,"dependencies":[],"hasEmbeddedWebExtension":false,"mpcOptedOut":false}
1489052884327	addons.xpi	DEBUG	getModTime: Recursive scan of firefox@getpocket.com
1489052884327	addons.xpi	DEBUG	Updating XPIState for {"id":"webcompat@mozilla.org","syncGUID":"{ab16973c-06b5-4843-8ed4-efc6d49293d5}","location":"app-system-defaults","version":"1.0","type":"extension","internalName":null,"updateURL":null,"updateKey":null,"optionsURL":null,"optionsType":null,"aboutURL":null,"icons":{},"iconURL":null,"icon64URL":null,"defaultLocale":{"name":"Web Compat","description":"Urgent post-release fixes for web compatibility.","creator":null,"homepageURL":null},"visible":true,"active":true,"userDisabled":false,"appDisabled":false,"descriptor":"C:\\Program Files (x86)\\Mozilla Firefox\\browser\\features\\webcompat@mozilla.org.xpi","installDate":1485383495582,"updateDate":1485383495582,"applyBackgroundUpdates":1,"bootstrap":true,"skinnable":false,"size":1570,"sourceURI":null,"releaseNotesURI":null,"softDisabled":false,"foreignInstall":false,"hasBinaryComponents":false,"strictCompatibility":false,"locales":[],"targetApplications":[{"id":"{ec8030f7-c20a-464f-9b0e-13a3a9e97384}","minVersion":"51.0.1","maxVersion":"51.*"}],"targetPlatforms":[],"multiprocessCompatible":true,"seen":true,"dependencies":[],"hasEmbeddedWebExtension":false,"mpcOptedOut":false}
1489052884327	addons.xpi	DEBUG	getModTime: Recursive scan of webcompat@mozilla.org
1489052884327	addons.xpi	DEBUG	Updating XPIState for {"id":"{972ce4c6-7e08-4474-a285-3208198ce6fd}","syncGUID":"{1e145bd9-ceed-4be2-ab10-e9ffc94c6700}","location":"app-global","version":"51.0.1","type":"theme","internalName":"classic/1.0","updateURL":null,"updateKey":null,"optionsURL":null,"optionsType":null,"aboutURL":null,"icons":{"32":"icon.png","48":"icon.png"},"iconURL":null,"icon64URL":null,"defaultLocale":{"name":"Default","description":"The default theme.","creator":"Mozilla","homepageURL":null,"contributors":["Mozilla Contributors"]},"visible":true,"active":true,"userDisabled":false,"appDisabled":false,"descriptor":"C:\\Program Files (x86)\\Mozilla Firefox\\browser\\extensions\\{972ce4c6-7e08-4474-a285-3208198ce6fd}.xpi","installDate":1485383495651,"updateDate":1485383495651,"applyBackgroundUpdates":1,"skinnable":true,"size":19708,"sourceURI":null,"releaseNotesURI":null,"softDisabled":false,"foreignInstall":false,"hasBinaryComponents":false,"strictCompatibility":true,"locales":[],"targetApplications":[{"id":"{ec8030f7-c20a-464f-9b0e-13a3a9e97384}","minVersion":"51.0.1","maxVersion":"51.0.1"}],"targetPlatforms":[],"seen":true,"dependencies":[],"hasEmbeddedWebExtension":false}
1489052884327	addons.xpi	DEBUG	getModTime: Recursive scan of {972ce4c6-7e08-4474-a285-3208198ce6fd}
1489052884328	DeferredSave.extensions.json	DEBUG	Save changes
1489052884328	addons.xpi	DEBUG	Updating database with changes to installed add-ons
1489052884328	addons.xpi-utils	DEBUG	Updating add-on states
1489052884330	addons.xpi-utils	DEBUG	Writing add-ons list
1489052884333	addons.xpi	DEBUG	Registering manifest for C:\Program Files (x86)\Mozilla Firefox\browser\features\aushelper@mozilla.org.xpi
1489052884333	addons.xpi	DEBUG	Calling bootstrap method startup on aushelper@mozilla.org version 1.0
1489052884336	addons.xpi	DEBUG	Registering manifest for C:\Program Files (x86)\Mozilla Firefox\browser\features\e10srollout@mozilla.org.xpi
1489052884336	addons.xpi	DEBUG	Calling bootstrap method startup on e10srollout@mozilla.org version 1.7
1489052884337	addons.xpi	DEBUG	Registering manifest for C:\Program Files (x86)\Mozilla Firefox\browser\features\firefox@getpocket.com.xpi
1489052884337	addons.xpi	DEBUG	Calling bootstrap method startup on firefox@getpocket.com version 1.0.5
1489052884339	addons.xpi	DEBUG	Registering manifest for C:\Program Files (x86)\Mozilla Firefox\browser\features\webcompat@mozilla.org.xpi
1489052884339	addons.xpi	DEBUG	Calling bootstrap method startup on webcompat@mozilla.org version 1.0
1489052884341	addons.manager	DEBUG	Registering shutdown blocker for XPIProvider
1489052884341	addons.manager	DEBUG	Provider finished startup: XPIProvider
1489052884341	addons.manager	DEBUG	Starting provider: LightweightThemeManager
1489052884341	addons.manager	DEBUG	Registering shutdown blocker for LightweightThemeManager
1489052884341	addons.manager	DEBUG	Provider finished startup: LightweightThemeManager
1489052884341	addons.manager	DEBUG	Starting provider: GMPProvider
1489052884348	addons.manager	DEBUG	Registering shutdown blocker for GMPProvider
1489052884349	addons.manager	DEBUG	Provider finished startup: GMPProvider
1489052884349	addons.manager	DEBUG	Starting provider: PluginProvider
1489052884349	addons.manager	DEBUG	Registering shutdown blocker for PluginProvider
1489052884349	addons.manager	DEBUG	Provider finished startup: PluginProvider
1489052884350	addons.manager	DEBUG	Completed startup sequence
1489052884539	Marionette	INFO	Listening on port 62313
1489052884709	addons.manager	DEBUG	Starting provider: <unnamed-provider>
1489052884709	addons.manager	DEBUG	Registering shutdown blocker for <unnamed-provider>
1489052884710	addons.manager	DEBUG	Provider finished startup: <unnamed-provider>
1489052884748	addons.manager	DEBUG	Starting provider: PreviousExperimentProvider
1489052884748	addons.manager	DEBUG	Registering shutdown blocker for PreviousExperimentProvider
1489052884749	addons.manager	DEBUG	Provider finished startup: PreviousExperimentProvider
1489052884751	DeferredSave.extensions.json	DEBUG	Starting write
1489052884910	DeferredSave.extensions.json	DEBUG	Write succeeded
1489052884911	addons.xpi-utils	DEBUG	XPI Database saved, setting schema version preference to 19
1489052885652	Marionette	WARN	Using deprecated data structure for setting timeouts
1489052885656	Marionette	WARN	Using deprecated data structure for setting timeouts
JavaScript warning: https://m.baidu.com/#, line 1: unreachable code after return statement
1489026805394	addons.xpi	DEBUG	Calling bootstrap method shutdown on webcompat@mozilla.org version 1.0
1489026805395	addons.xpi	DEBUG	Calling bootstrap method shutdown on firefox@getpocket.com version 1.0.5
1489026805395	addons.xpi	DEBUG	Calling bootstrap method shutdown on e10srollout@mozilla.org version 1.7
1489026805398	addons.xpi	DEBUG	Calling bootstrap method shutdown on aushelper@mozilla.org version 1.0
JavaScript error: chrome://marionette/content/listener.js, line 870: TypeError: can't access dead object
