PhantomJS is launching GhostDriver...
[INFO  - 2017-05-19T08:21:42.671Z] GhostDriver - Main - running on port 50785
[INFO  - 2017-05-19T08:21:44.220Z] Session [3176c010-3c6c-11e7-8661-13c03ba39709] - page.settings - {"XSSAuditingEnabled":false,"javascriptCanCloseWindows":true,"javascriptCanOpenWindows":true,"javascriptEnabled":true,"loadImages":true,"localToRemoteUrlAccessEnabled":false,"userAgent":"Mozilla/5.0 (Windows NT 6.1; WOW64) AppleWebKit/534.34 (KHTML, like Gecko) PhantomJS/1.9.7 Safari/534.34","webSecurityEnabled":true}
[INFO  - 2017-05-19T08:21:44.220Z] Session [3176c010-3c6c-11e7-8661-13c03ba39709] - page.customHeaders:  - {}
[INFO  - 2017-05-19T08:21:44.220Z] Session [3176c010-3c6c-11e7-8661-13c03ba39709] - Session.negotiatedCapabilities - {"browserName":"phantomjs","version":"1.9.7","driverName":"ghostdriver","driverVersion":"1.1.0","platform":"windows-7-32bit","javascriptEnabled":true,"takesScreenshot":true,"handlesAlerts":false,"databaseEnabled":false,"locationContextEnabled":false,"applicationCacheEnabled":false,"browserConnectionEnabled":false,"cssSelectorsEnabled":true,"webStorageEnabled":false,"rotatable":false,"acceptSslCerts":false,"nativeEvents":true,"proxy":{"proxyType":"direct"}}
[INFO  - 2017-05-19T08:21:44.220Z] SessionManagerReqHand - _postNewSessionCommand - New Session Created: 3176c010-3c6c-11e7-8661-13c03ba39709
[ERROR - 2017-05-19T08:22:08.667Z] Session [3176c010-3c6c-11e7-8661-13c03ba39709] - page.onError - msg: TypeError: 'undefined' is not a function (evaluating 'function(){this._checkUnHandledRejection()}.bind(this)')
[ERROR - 2017-05-19T08:22:08.667Z] Session [3176c010-3c6c-11e7-8661-13c03ba39709] - page.onError - stack:
  (anonymous function) (https://m.baidu.com/s?word=%E7%94%B5%E7%83%AD%E6%B0%B4%E5%99%A8%E4%BB%80%E4%B9%88%E7%89%8C%E5%AD%90%E5%A5%BD&ts=2126555&t_kt=0&ie=utf-8&rsv_iqid=3965153529&rsv_t=1f79NvxVux%252Bq9vDnQUV3DqDe6EXXrHBNIQ4CgCCmpOVwr9uhwmxn&sa=ib&rsv_pq=3965153529&rsv_sug4=74:5)
  (anonymous function) (https://m.baidu.com/s?word=%E7%94%B5%E7%83%AD%E6%B0%B4%E5%99%A8%E4%BB%80%E4%B9%88%E7%89%8C%E5%AD%90%E5%A5%BD&ts=2126555&t_kt=0&ie=utf-8&rsv_iqid=3965153529&rsv_t=1f79NvxVux%252Bq9vDnQUV3DqDe6EXXrHBNIQ4CgCCmpOVwr9uhwmxn&sa=ib&rsv_pq=3965153529&rsv_sug4=74:5)
[ERROR - 2017-05-19T08:22:08.668Z] Session [3176c010-3c6c-11e7-8661-13c03ba39709] - page.onError - msg: TypeError: 'undefined' is not a function (evaluating 'function(){this._checkUnHandledRejection()}.bind(this)')
[ERROR - 2017-05-19T08:22:08.668Z] Session [3176c010-3c6c-11e7-8661-13c03ba39709] - page.onError - stack:
  (anonymous function) (https://m.baidu.com/s?word=%E7%94%B5%E7%83%AD%E6%B0%B4%E5%99%A8%E4%BB%80%E4%B9%88%E7%89%8C%E5%AD%90%E5%A5%BD&ts=2126555&t_kt=0&ie=utf-8&rsv_iqid=3965153529&rsv_t=1f79NvxVux%252Bq9vDnQUV3DqDe6EXXrHBNIQ4CgCCmpOVwr9uhwmxn&sa=ib&rsv_pq=3965153529&rsv_sug4=74:5)
  (anonymous function) (https://m.baidu.com/s?word=%E7%94%B5%E7%83%AD%E6%B0%B4%E5%99%A8%E4%BB%80%E4%B9%88%E7%89%8C%E5%AD%90%E5%A5%BD&ts=2126555&t_kt=0&ie=utf-8&rsv_iqid=3965153529&rsv_t=1f79NvxVux%252Bq9vDnQUV3DqDe6EXXrHBNIQ4CgCCmpOVwr9uhwmxn&sa=ib&rsv_pq=3965153529&rsv_sug4=74:5)
[ERROR - 2017-05-19T08:22:08.668Z] Session [3176c010-3c6c-11e7-8661-13c03ba39709] - page.onError - msg: TypeError: 'undefined' is not a function (evaluating 'function(){this._checkUnHandledRejection()}.bind(this)')
[ERROR - 2017-05-19T08:22:08.668Z] Session [3176c010-3c6c-11e7-8661-13c03ba39709] - page.onError - stack:
  (anonymous function) (https://m.baidu.com/s?word=%E7%94%B5%E7%83%AD%E6%B0%B4%E5%99%A8%E4%BB%80%E4%B9%88%E7%89%8C%E5%AD%90%E5%A5%BD&ts=2126555&t_kt=0&ie=utf-8&rsv_iqid=3965153529&rsv_t=1f79NvxVux%252Bq9vDnQUV3DqDe6EXXrHBNIQ4CgCCmpOVwr9uhwmxn&sa=ib&rsv_pq=3965153529&rsv_sug4=74:5)
  (anonymous function) (https://m.baidu.com/s?word=%E7%94%B5%E7%83%AD%E6%B0%B4%E5%99%A8%E4%BB%80%E4%B9%88%E7%89%8C%E5%AD%90%E5%A5%BD&ts=2126555&t_kt=0&ie=utf-8&rsv_iqid=3965153529&rsv_t=1f79NvxVux%252Bq9vDnQUV3DqDe6EXXrHBNIQ4CgCCmpOVwr9uhwmxn&sa=ib&rsv_pq=3965153529&rsv_sug4=74:5)
[ERROR - 2017-05-19T08:22:08.670Z] Session [3176c010-3c6c-11e7-8661-13c03ba39709] - page.onError - msg: TypeError: 'undefined' is not a function (evaluating 'function(){this._checkUnHandledRejection()}.bind(this)')
[ERROR - 2017-05-19T08:22:08.670Z] Session [3176c010-3c6c-11e7-8661-13c03ba39709] - page.onError - stack:
  (anonymous function) (https://m.baidu.com/s?word=%E7%94%B5%E7%83%AD%E6%B0%B4%E5%99%A8%E4%BB%80%E4%B9%88%E7%89%8C%E5%AD%90%E5%A5%BD&ts=2126555&t_kt=0&ie=utf-8&rsv_iqid=3965153529&rsv_t=1f79NvxVux%252Bq9vDnQUV3DqDe6EXXrHBNIQ4CgCCmpOVwr9uhwmxn&sa=ib&rsv_pq=3965153529&rsv_sug4=74:5)
  (anonymous function) (https://m.baidu.com/s?word=%E7%94%B5%E7%83%AD%E6%B0%B4%E5%99%A8%E4%BB%80%E4%B9%88%E7%89%8C%E5%AD%90%E5%A5%BD&ts=2126555&t_kt=0&ie=utf-8&rsv_iqid=3965153529&rsv_t=1f79NvxVux%252Bq9vDnQUV3DqDe6EXXrHBNIQ4CgCCmpOVwr9uhwmxn&sa=ib&rsv_pq=3965153529&rsv_sug4=74:5)
[ERROR - 2017-05-19T08:22:08.670Z] Session [3176c010-3c6c-11e7-8661-13c03ba39709] - page.onError - msg: TypeError: 'undefined' is not a function (evaluating 'function(){this._checkUnHandledRejection()}.bind(this)')
[ERROR - 2017-05-19T08:22:08.670Z] Session [3176c010-3c6c-11e7-8661-13c03ba39709] - page.onError - stack:
  (anonymous function) (https://m.baidu.com/s?word=%E7%94%B5%E7%83%AD%E6%B0%B4%E5%99%A8%E4%BB%80%E4%B9%88%E7%89%8C%E5%AD%90%E5%A5%BD&ts=2126555&t_kt=0&ie=utf-8&rsv_iqid=3965153529&rsv_t=1f79NvxVux%252Bq9vDnQUV3DqDe6EXXrHBNIQ4CgCCmpOVwr9uhwmxn&sa=ib&rsv_pq=3965153529&rsv_sug4=74:5)
  (anonymous function) (https://m.baidu.com/s?word=%E7%94%B5%E7%83%AD%E6%B0%B4%E5%99%A8%E4%BB%80%E4%B9%88%E7%89%8C%E5%AD%90%E5%A5%BD&ts=2126555&t_kt=0&ie=utf-8&rsv_iqid=3965153529&rsv_t=1f79NvxVux%252Bq9vDnQUV3DqDe6EXXrHBNIQ4CgCCmpOVwr9uhwmxn&sa=ib&rsv_pq=3965153529&rsv_sug4=74:5)
[ERROR - 2017-05-19T08:22:08.670Z] Session [3176c010-3c6c-11e7-8661-13c03ba39709] - page.onError - msg: TypeError: 'undefined' is not a function (evaluating 'function(){this._checkUnHandledRejection()}.bind(this)')
[ERROR - 2017-05-19T08:22:08.670Z] Session [3176c010-3c6c-11e7-8661-13c03ba39709] - page.onError - stack:
  (anonymous function) (https://m.baidu.com/s?word=%E7%94%B5%E7%83%AD%E6%B0%B4%E5%99%A8%E4%BB%80%E4%B9%88%E7%89%8C%E5%AD%90%E5%A5%BD&ts=2126555&t_kt=0&ie=utf-8&rsv_iqid=3965153529&rsv_t=1f79NvxVux%252Bq9vDnQUV3DqDe6EXXrHBNIQ4CgCCmpOVwr9uhwmxn&sa=ib&rsv_pq=3965153529&rsv_sug4=74:5)
  (anonymous function) (https://m.baidu.com/s?word=%E7%94%B5%E7%83%AD%E6%B0%B4%E5%99%A8%E4%BB%80%E4%B9%88%E7%89%8C%E5%AD%90%E5%A5%BD&ts=2126555&t_kt=0&ie=utf-8&rsv_iqid=3965153529&rsv_t=1f79NvxVux%252Bq9vDnQUV3DqDe6EXXrHBNIQ4CgCCmpOVwr9uhwmxn&sa=ib&rsv_pq=3965153529&rsv_sug4=74:5)
[ERROR - 2017-05-19T08:22:08.671Z] Session [3176c010-3c6c-11e7-8661-13c03ba39709] - page.onError - msg: TypeError: 'undefined' is not a function (evaluating 'function(){this._checkUnHandledRejection()}.bind(this)')
[ERROR - 2017-05-19T08:22:08.671Z] Session [3176c010-3c6c-11e7-8661-13c03ba39709] - page.onError - stack:
  (anonymous function) (https://m.baidu.com/s?word=%E7%94%B5%E7%83%AD%E6%B0%B4%E5%99%A8%E4%BB%80%E4%B9%88%E7%89%8C%E5%AD%90%E5%A5%BD&ts=2126555&t_kt=0&ie=utf-8&rsv_iqid=3965153529&rsv_t=1f79NvxVux%252Bq9vDnQUV3DqDe6EXXrHBNIQ4CgCCmpOVwr9uhwmxn&sa=ib&rsv_pq=3965153529&rsv_sug4=74:5)
  (anonymous function) (https://m.baidu.com/s?word=%E7%94%B5%E7%83%AD%E6%B0%B4%E5%99%A8%E4%BB%80%E4%B9%88%E7%89%8C%E5%AD%90%E5%A5%BD&ts=2126555&t_kt=0&ie=utf-8&rsv_iqid=3965153529&rsv_t=1f79NvxVux%252Bq9vDnQUV3DqDe6EXXrHBNIQ4CgCCmpOVwr9uhwmxn&sa=ib&rsv_pq=3965153529&rsv_sug4=74:5)
[ERROR - 2017-05-19T08:22:08.671Z] Session [3176c010-3c6c-11e7-8661-13c03ba39709] - page.onError - msg: TypeError: 'undefined' is not a function (evaluating 'function(){this._checkUnHandledRejection()}.bind(this)')
[ERROR - 2017-05-19T08:22:08.671Z] Session [3176c010-3c6c-11e7-8661-13c03ba39709] - page.onError - stack:
  (anonymous function) (https://m.baidu.com/s?word=%E7%94%B5%E7%83%AD%E6%B0%B4%E5%99%A8%E4%BB%80%E4%B9%88%E7%89%8C%E5%AD%90%E5%A5%BD&ts=2126555&t_kt=0&ie=utf-8&rsv_iqid=3965153529&rsv_t=1f79NvxVux%252Bq9vDnQUV3DqDe6EXXrHBNIQ4CgCCmpOVwr9uhwmxn&sa=ib&rsv_pq=3965153529&rsv_sug4=74:5)
  (anonymous function) (https://m.baidu.com/s?word=%E7%94%B5%E7%83%AD%E6%B0%B4%E5%99%A8%E4%BB%80%E4%B9%88%E7%89%8C%E5%AD%90%E5%A5%BD&ts=2126555&t_kt=0&ie=utf-8&rsv_iqid=3965153529&rsv_t=1f79NvxVux%252Bq9vDnQUV3DqDe6EXXrHBNIQ4CgCCmpOVwr9uhwmxn&sa=ib&rsv_pq=3965153529&rsv_sug4=74:5)
[ERROR - 2017-05-19T08:22:08.671Z] Session [3176c010-3c6c-11e7-8661-13c03ba39709] - page.onError - msg: TypeError: 'undefined' is not a function (evaluating 'function(){this._checkUnHandledRejection()}.bind(this)')
[ERROR - 2017-05-19T08:22:08.671Z] Session [3176c010-3c6c-11e7-8661-13c03ba39709] - page.onError - stack:
  (anonymous function) (https://m.baidu.com/s?word=%E7%94%B5%E7%83%AD%E6%B0%B4%E5%99%A8%E4%BB%80%E4%B9%88%E7%89%8C%E5%AD%90%E5%A5%BD&ts=2126555&t_kt=0&ie=utf-8&rsv_iqid=3965153529&rsv_t=1f79NvxVux%252Bq9vDnQUV3DqDe6EXXrHBNIQ4CgCCmpOVwr9uhwmxn&sa=ib&rsv_pq=3965153529&rsv_sug4=74:5)
  (anonymous function) (https://m.baidu.com/s?word=%E7%94%B5%E7%83%AD%E6%B0%B4%E5%99%A8%E4%BB%80%E4%B9%88%E7%89%8C%E5%AD%90%E5%A5%BD&ts=2126555&t_kt=0&ie=utf-8&rsv_iqid=3965153529&rsv_t=1f79NvxVux%252Bq9vDnQUV3DqDe6EXXrHBNIQ4CgCCmpOVwr9uhwmxn&sa=ib&rsv_pq=3965153529&rsv_sug4=74:5)
[ERROR - 2017-05-19T08:22:08.671Z] Session [3176c010-3c6c-11e7-8661-13c03ba39709] - page.onError - msg: TypeError: 'undefined' is not a function (evaluating 'function(){this._checkUnHandledRejection()}.bind(this)')
[ERROR - 2017-05-19T08:22:08.671Z] Session [3176c010-3c6c-11e7-8661-13c03ba39709] - page.onError - stack:
  (anonymous function) (https://m.baidu.com/s?word=%E7%94%B5%E7%83%AD%E6%B0%B4%E5%99%A8%E4%BB%80%E4%B9%88%E7%89%8C%E5%AD%90%E5%A5%BD&ts=2126555&t_kt=0&ie=utf-8&rsv_iqid=3965153529&rsv_t=1f79NvxVux%252Bq9vDnQUV3DqDe6EXXrHBNIQ4CgCCmpOVwr9uhwmxn&sa=ib&rsv_pq=3965153529&rsv_sug4=74:5)
  (anonymous function) (https://m.baidu.com/s?word=%E7%94%B5%E7%83%AD%E6%B0%B4%E5%99%A8%E4%BB%80%E4%B9%88%E7%89%8C%E5%AD%90%E5%A5%BD&ts=2126555&t_kt=0&ie=utf-8&rsv_iqid=3965153529&rsv_t=1f79NvxVux%252Bq9vDnQUV3DqDe6EXXrHBNIQ4CgCCmpOVwr9uhwmxn&sa=ib&rsv_pq=3965153529&rsv_sug4=74:5)
[ERROR - 2017-05-19T08:22:08.671Z] Session [3176c010-3c6c-11e7-8661-13c03ba39709] - page.onError - msg: TypeError: 'undefined' is not a function (evaluating 'function(){this._checkUnHandledRejection()}.bind(this)')
[ERROR - 2017-05-19T08:22:08.671Z] Session [3176c010-3c6c-11e7-8661-13c03ba39709] - page.onError - stack:
  (anonymous function) (https://m.baidu.com/s?word=%E7%94%B5%E7%83%AD%E6%B0%B4%E5%99%A8%E4%BB%80%E4%B9%88%E7%89%8C%E5%AD%90%E5%A5%BD&ts=2126555&t_kt=0&ie=utf-8&rsv_iqid=3965153529&rsv_t=1f79NvxVux%252Bq9vDnQUV3DqDe6EXXrHBNIQ4CgCCmpOVwr9uhwmxn&sa=ib&rsv_pq=3965153529&rsv_sug4=74:5)
  (anonymous function) (https://m.baidu.com/s?word=%E7%94%B5%E7%83%AD%E6%B0%B4%E5%99%A8%E4%BB%80%E4%B9%88%E7%89%8C%E5%AD%90%E5%A5%BD&ts=2126555&t_kt=0&ie=utf-8&rsv_iqid=3965153529&rsv_t=1f79NvxVux%252Bq9vDnQUV3DqDe6EXXrHBNIQ4CgCCmpOVwr9uhwmxn&sa=ib&rsv_pq=3965153529&rsv_sug4=74:5)
[ERROR - 2017-05-19T08:22:08.728Z] Session [3176c010-3c6c-11e7-8661-13c03ba39709] - page.onError - msg: TypeError: 'undefined' is not a function (evaluating 'd.bind(null,n)')
[ERROR - 2017-05-19T08:22:08.728Z] Session [3176c010-3c6c-11e7-8661-13c03ba39709] - page.onError - stack:
  c (https://graph.baidu.com/mms/graph/static/resource/sdk/v1.9.8/mms-wise.js:4)
  r (https://graph.baidu.com/mms/graph/static/resource/sdk/v1.9.8/mms-wise.js:4)
  (anonymous function) (https://graph.baidu.com/mms/graph/static/resource/sdk/v1.9.8/mms-wise.js:4)
  (anonymous function) (https://graph.baidu.com/mms/graph/static/resource/sdk/v1.9.8/mms-wise.js:4)
  e (https://graph.baidu.com/mms/graph/static/resource/sdk/v1.9.8/mms-wise.js:4)
  (anonymous function) (https://graph.baidu.com/mms/graph/static/resource/sdk/v1.9.8/mms-wise.js:4)
  (anonymous function) (https://graph.baidu.com/mms/graph/static/resource/sdk/v1.9.8/mms-wise.js:4)
  e (https://graph.baidu.com/mms/graph/static/resource/sdk/v1.9.8/mms-wise.js:4)
  (anonymous function) (https://graph.baidu.com/mms/graph/static/resource/sdk/v1.9.8/mms-wise.js:4)
  (anonymous function) (https://graph.baidu.com/mms/graph/static/resource/sdk/v1.9.8/mms-wise.js:4)
  e (https://graph.baidu.com/mms/graph/static/resource/sdk/v1.9.8/mms-wise.js:4)
  (anonymous function) (https://graph.baidu.com/mms/graph/static/resource/sdk/v1.9.8/mms-wise.js:4)
  (anonymous function) (https://graph.baidu.com/mms/graph/static/resource/sdk/v1.9.8/mms-wise.js:4)
  e (https://graph.baidu.com/mms/graph/static/resource/sdk/v1.9.8/mms-wise.js:4)
  (anonymous function) (https://graph.baidu.com/mms/graph/static/resource/sdk/v1.9.8/mms-wise.js:4)
  (anonymous function) (https://graph.baidu.com/mms/graph/static/resource/sdk/v1.9.8/mms-wise.js:4)
