1489068827630	geckodriver	INFO	Listening on 127.0.0.1:60497
1489068829620	mozprofile::profile	INFO	Using profile path C:\Users\ADMINI~1\AppData\Local\Temp\rust_mozprofile.lKVd9oWc9Fvj
1489068829628	geckodriver::marionette	INFO	Starting browser C:\Program Files (x86)\Mozilla Firefox\firefox.exe
1489068829649	geckodriver::marionette	INFO	Connecting to Marionette on localhost:60511
1489068829880	addons.manager	DEBUG	Application has been upgraded
1489068829905	addons.manager	DEBUG	Loaded provider scope for resource://gre/modules/addons/XPIProvider.jsm: ["XPIProvider"]
1489068829907	addons.manager	DEBUG	Loaded provider scope for resource://gre/modules/LightweightThemeManager.jsm: ["LightweightThemeManager"]
1489068829910	addons.manager	DEBUG	Loaded provider scope for resource://gre/modules/addons/GMPProvider.jsm
1489068829911	addons.manager	DEBUG	Loaded provider scope for resource://gre/modules/addons/PluginProvider.jsm
1489068829912	addons.manager	DEBUG	Starting provider: XPIProvider
1489068829912	addons.xpi	DEBUG	startup
1489068829913	addons.xpi	INFO	SystemAddonInstallLocation directory is missing
1489068829915	addons.xpi	INFO	Mapping aushelper@mozilla.org to C:\Program Files (x86)\Mozilla Firefox\browser\features\aushelper@mozilla.org.xpi
1489068829916	addons.xpi	INFO	Mapping e10srollout@mozilla.org to C:\Program Files (x86)\Mozilla Firefox\browser\features\e10srollout@mozilla.org.xpi
1489068829917	addons.xpi	INFO	Mapping firefox@getpocket.com to C:\Program Files (x86)\Mozilla Firefox\browser\features\firefox@getpocket.com.xpi
1489068829917	addons.xpi	INFO	Mapping webcompat@mozilla.org to C:\Program Files (x86)\Mozilla Firefox\browser\features\webcompat@mozilla.org.xpi
1489068829918	addons.xpi	INFO	Mapping {972ce4c6-7e08-4474-a285-3208198ce6fd} to C:\Program Files (x86)\Mozilla Firefox\browser\extensions\{972ce4c6-7e08-4474-a285-3208198ce6fd}.xpi
1489068829918	addons.xpi	DEBUG	checkForChanges
1489068829919	addons.xpi	DEBUG	Loaded add-on state from prefs: {}
1489068829919	addons.xpi	DEBUG	New add-on aushelper@mozilla.org in app-system-defaults
1489068829920	addons.xpi	DEBUG	getModTime: Recursive scan of aushelper@mozilla.org
1489068829920	addons.xpi	DEBUG	New add-on e10srollout@mozilla.org in app-system-defaults
1489068829921	addons.xpi	DEBUG	getModTime: Recursive scan of e10srollout@mozilla.org
1489068829921	addons.xpi	DEBUG	New add-on firefox@getpocket.com in app-system-defaults
1489068829921	addons.xpi	DEBUG	getModTime: Recursive scan of firefox@getpocket.com
1489068829921	addons.xpi	DEBUG	New add-on webcompat@mozilla.org in app-system-defaults
1489068829922	addons.xpi	DEBUG	getModTime: Recursive scan of webcompat@mozilla.org
1489068829922	addons.xpi	DEBUG	New add-on {972ce4c6-7e08-4474-a285-3208198ce6fd} in app-global
1489068829922	addons.xpi	DEBUG	getModTime: Recursive scan of {972ce4c6-7e08-4474-a285-3208198ce6fd}
1489068829923	addons.xpi	DEBUG	getInstallState changed: true, state: {"app-system-defaults":{"aushelper@mozilla.org":{"d":"C:\\Program Files (x86)\\Mozilla Firefox\\browser\\features\\aushelper@mozilla.org.xpi","st":1485383495555},"e10srollout@mozilla.org":{"d":"C:\\Program Files (x86)\\Mozilla Firefox\\browser\\features\\e10srollout@mozilla.org.xpi","st":1485383495559},"firefox@getpocket.com":{"d":"C:\\Program Files (x86)\\Mozilla Firefox\\browser\\features\\firefox@getpocket.com.xpi","st":1485383504961},"webcompat@mozilla.org":{"d":"C:\\Program Files (x86)\\Mozilla Firefox\\browser\\features\\webcompat@mozilla.org.xpi","st":1485383495582}},"app-global":{"{972ce4c6-7e08-4474-a285-3208198ce6fd}":{"d":"C:\\Program Files (x86)\\Mozilla Firefox\\browser\\extensions\\{972ce4c6-7e08-4474-a285-3208198ce6fd}.xpi","st":1485383495651}}}
1489068829932	addons.xpi-utils	DEBUG	Opening XPI database C:\Users\ADMINI~1\AppData\Local\Temp\rust_mozprofile.lKVd9oWc9Fvj\extensions.json
1489068829935	addons.xpi-utils	DEBUG	New add-on aushelper@mozilla.org installed in app-system-defaults
*** Blocklist::_loadBlocklistFromFile: blocklist is disabled
1489068829944	DeferredSave.extensions.json	DEBUG	Save changes
1489068829945	addons.xpi-utils	DEBUG	New add-on e10srollout@mozilla.org installed in app-system-defaults
1489068829948	DeferredSave.extensions.json	DEBUG	Starting timer
1489068829949	DeferredSave.extensions.json	DEBUG	Save changes
1489068829949	addons.xpi-utils	DEBUG	New add-on firefox@getpocket.com installed in app-system-defaults
1489068829954	DeferredSave.extensions.json	DEBUG	Save changes
1489068829954	addons.xpi-utils	DEBUG	New add-on webcompat@mozilla.org installed in app-system-defaults
1489068829957	DeferredSave.extensions.json	DEBUG	Save changes
1489068829958	addons.xpi-utils	DEBUG	New add-on {972ce4c6-7e08-4474-a285-3208198ce6fd} installed in app-global
1489068829961	DeferredSave.extensions.json	DEBUG	Save changes
1489068829961	addons.manager	DEBUG	Registering startup change 'installed' for aushelper@mozilla.org
1489068829967	addons.xpi	DEBUG	Loading bootstrap scope from C:\Program Files (x86)\Mozilla Firefox\browser\features\aushelper@mozilla.org.xpi
1489068829971	addons.xpi	DEBUG	Calling bootstrap method install on aushelper@mozilla.org version 1.0
1489068829971	addons.xpi-utils	DEBUG	Make addon app-system-defaults:aushelper@mozilla.org visible
1489068829971	DeferredSave.extensions.json	DEBUG	Save changes
1489068829972	addons.manager	DEBUG	Registering startup change 'installed' for e10srollout@mozilla.org
1489068829972	addons.xpi	DEBUG	Loading bootstrap scope from C:\Program Files (x86)\Mozilla Firefox\browser\features\e10srollout@mozilla.org.xpi
1489068829974	addons.xpi	DEBUG	Calling bootstrap method install on e10srollout@mozilla.org version 1.7
1489068829978	addons.xpi-utils	DEBUG	Make addon app-system-defaults:e10srollout@mozilla.org visible
1489068829979	DeferredSave.extensions.json	DEBUG	Save changes
1489068829979	addons.manager	DEBUG	Registering startup change 'installed' for firefox@getpocket.com
1489068829980	addons.xpi	DEBUG	Loading bootstrap scope from C:\Program Files (x86)\Mozilla Firefox\browser\features\firefox@getpocket.com.xpi
1489068829984	addons.xpi	DEBUG	Calling bootstrap method install on firefox@getpocket.com version 1.0.5
1489068829985	addons.xpi-utils	DEBUG	Make addon app-system-defaults:firefox@getpocket.com visible
1489068829985	DeferredSave.extensions.json	DEBUG	Save changes
1489068829985	addons.manager	DEBUG	Registering startup change 'installed' for webcompat@mozilla.org
1489068829986	addons.xpi	DEBUG	Loading bootstrap scope from C:\Program Files (x86)\Mozilla Firefox\browser\features\webcompat@mozilla.org.xpi
1489068829988	addons.xpi	DEBUG	Calling bootstrap method install on webcompat@mozilla.org version 1.0
1489068829988	addons.xpi-utils	DEBUG	Make addon app-system-defaults:webcompat@mozilla.org visible
1489068829989	DeferredSave.extensions.json	DEBUG	Save changes
1489068829989	addons.xpi-utils	DEBUG	Make addon app-global:{972ce4c6-7e08-4474-a285-3208198ce6fd} visible
1489068829989	DeferredSave.extensions.json	DEBUG	Save changes
1489068829990	addons.xpi	DEBUG	Updating XPIState for {"id":"aushelper@mozilla.org","syncGUID":"{e44fd133-6cff-44d0-b139-d52318209a3f}","location":"app-system-defaults","version":"1.0","type":"extension","internalName":null,"updateURL":null,"updateKey":null,"optionsURL":null,"optionsType":null,"aboutURL":null,"icons":{},"iconURL":null,"icon64URL":null,"defaultLocale":{"name":"Application Update Service Helper","description":"Sets value(s) in the update url based on custom checks.","creator":null,"homepageURL":null},"visible":true,"active":true,"userDisabled":false,"appDisabled":false,"descriptor":"C:\\Program Files (x86)\\Mozilla Firefox\\browser\\features\\aushelper@mozilla.org.xpi","installDate":1485383495555,"updateDate":1485383495555,"applyBackgroundUpdates":1,"bootstrap":true,"skinnable":false,"size":5975,"sourceURI":null,"releaseNotesURI":null,"softDisabled":false,"foreignInstall":false,"hasBinaryComponents":false,"strictCompatibility":false,"locales":[],"targetApplications":[{"id":"{ec8030f7-c20a-464f-9b0e-13a3a9e97384}","minVersion":"51.0.1","maxVersion":"51.*"}],"targetPlatforms":[],"multiprocessCompatible":true,"seen":true,"dependencies":[],"hasEmbeddedWebExtension":false,"mpcOptedOut":false}
1489068829990	addons.xpi	DEBUG	getModTime: Recursive scan of aushelper@mozilla.org
1489068829990	addons.xpi	DEBUG	Updating XPIState for {"id":"e10srollout@mozilla.org","syncGUID":"{58712756-9cc5-40bd-a29e-391c49db2410}","location":"app-system-defaults","version":"1.7","type":"extension","internalName":null,"updateURL":null,"updateKey":null,"optionsURL":null,"optionsType":null,"aboutURL":null,"icons":{},"iconURL":null,"icon64URL":null,"defaultLocale":{"name":"Multi-process staged rollout","description":"Staged rollout of Firefox multi-process feature.","creator":null,"homepageURL":null},"visible":true,"active":true,"userDisabled":false,"appDisabled":false,"descriptor":"C:\\Program Files (x86)\\Mozilla Firefox\\browser\\features\\e10srollout@mozilla.org.xpi","installDate":1485383495559,"updateDate":1485383495559,"applyBackgroundUpdates":1,"bootstrap":true,"skinnable":false,"size":6997,"sourceURI":null,"releaseNotesURI":null,"softDisabled":false,"foreignInstall":false,"hasBinaryComponents":false,"strictCompatibility":false,"locales":[],"targetApplications":[{"id":"{ec8030f7-c20a-464f-9b0e-13a3a9e97384}","minVersion":"51.0.1","maxVersion":"51.*"}],"targetPlatforms":[],"multiprocessCompatible":true,"seen":true,"dependencies":[],"hasEmbeddedWebExtension":false,"mpcOptedOut":false}
1489068829991	addons.xpi	DEBUG	getModTime: Recursive scan of e10srollout@mozilla.org
1489068829991	addons.xpi	DEBUG	Updating XPIState for {"id":"firefox@getpocket.com","syncGUID":"{1142a896-aff9-4f00-a2cf-95b1c1d493e4}","location":"app-system-defaults","version":"1.0.5","type":"extension","internalName":null,"updateURL":null,"updateKey":null,"optionsURL":null,"optionsType":null,"aboutURL":null,"icons":{},"iconURL":null,"icon64URL":null,"defaultLocale":{"name":"Pocket","description":"When you find something you want to view later, put it in Pocket.","creator":null,"homepageURL":null},"visible":true,"active":true,"userDisabled":false,"appDisabled":false,"descriptor":"C:\\Program Files (x86)\\Mozilla Firefox\\browser\\features\\firefox@getpocket.com.xpi","installDate":1485383504961,"updateDate":1485383504961,"applyBackgroundUpdates":1,"bootstrap":true,"skinnable":false,"size":921059,"sourceURI":null,"releaseNotesURI":null,"softDisabled":false,"foreignInstall":false,"hasBinaryComponents":false,"strictCompatibility":false,"locales":[],"targetApplications":[{"id":"{ec8030f7-c20a-464f-9b0e-13a3a9e97384}","minVersion":"51.0.1","maxVersion":"51.*"}],"targetPlatforms":[],"multiprocessCompatible":true,"seen":true,"dependencies":[],"hasEmbeddedWebExtension":false,"mpcOptedOut":false}
1489068829991	addons.xpi	DEBUG	getModTime: Recursive scan of firefox@getpocket.com
1489068829992	addons.xpi	DEBUG	Updating XPIState for {"id":"webcompat@mozilla.org","syncGUID":"{9339f05b-ea32-4b06-ad39-06544d12d027}","location":"app-system-defaults","version":"1.0","type":"extension","internalName":null,"updateURL":null,"updateKey":null,"optionsURL":null,"optionsType":null,"aboutURL":null,"icons":{},"iconURL":null,"icon64URL":null,"defaultLocale":{"name":"Web Compat","description":"Urgent post-release fixes for web compatibility.","creator":null,"homepageURL":null},"visible":true,"active":true,"userDisabled":false,"appDisabled":false,"descriptor":"C:\\Program Files (x86)\\Mozilla Firefox\\browser\\features\\webcompat@mozilla.org.xpi","installDate":1485383495582,"updateDate":1485383495582,"applyBackgroundUpdates":1,"bootstrap":true,"skinnable":false,"size":1570,"sourceURI":null,"releaseNotesURI":null,"softDisabled":false,"foreignInstall":false,"hasBinaryComponents":false,"strictCompatibility":false,"locales":[],"targetApplications":[{"id":"{ec8030f7-c20a-464f-9b0e-13a3a9e97384}","minVersion":"51.0.1","maxVersion":"51.*"}],"targetPlatforms":[],"multiprocessCompatible":true,"seen":true,"dependencies":[],"hasEmbeddedWebExtension":false,"mpcOptedOut":false}
1489068829992	addons.xpi	DEBUG	getModTime: Recursive scan of webcompat@mozilla.org
1489068829992	addons.xpi	DEBUG	Updating XPIState for {"id":"{972ce4c6-7e08-4474-a285-3208198ce6fd}","syncGUID":"{cd5f0278-6371-4337-9e3e-c476cddfa10f}","location":"app-global","version":"51.0.1","type":"theme","internalName":"classic/1.0","updateURL":null,"updateKey":null,"optionsURL":null,"optionsType":null,"aboutURL":null,"icons":{"32":"icon.png","48":"icon.png"},"iconURL":null,"icon64URL":null,"defaultLocale":{"name":"Default","description":"The default theme.","creator":"Mozilla","homepageURL":null,"contributors":["Mozilla Contributors"]},"visible":true,"active":true,"userDisabled":false,"appDisabled":false,"descriptor":"C:\\Program Files (x86)\\Mozilla Firefox\\browser\\extensions\\{972ce4c6-7e08-4474-a285-3208198ce6fd}.xpi","installDate":1485383495651,"updateDate":1485383495651,"applyBackgroundUpdates":1,"skinnable":true,"size":19708,"sourceURI":null,"releaseNotesURI":null,"softDisabled":false,"foreignInstall":false,"hasBinaryComponents":false,"strictCompatibility":true,"locales":[],"targetApplications":[{"id":"{ec8030f7-c20a-464f-9b0e-13a3a9e97384}","minVersion":"51.0.1","maxVersion":"51.0.1"}],"targetPlatforms":[],"seen":true,"dependencies":[],"hasEmbeddedWebExtension":false}
1489068829992	addons.xpi	DEBUG	getModTime: Recursive scan of {972ce4c6-7e08-4474-a285-3208198ce6fd}
1489068829994	DeferredSave.extensions.json	DEBUG	Save changes
1489068829994	addons.xpi	DEBUG	Updating database with changes to installed add-ons
1489068829994	addons.xpi-utils	DEBUG	Updating add-on states
1489068829996	addons.xpi-utils	DEBUG	Writing add-ons list
1489068830001	addons.xpi	DEBUG	Registering manifest for C:\Program Files (x86)\Mozilla Firefox\browser\features\aushelper@mozilla.org.xpi
1489068830002	addons.xpi	DEBUG	Calling bootstrap method startup on aushelper@mozilla.org version 1.0
1489068830005	addons.xpi	DEBUG	Registering manifest for C:\Program Files (x86)\Mozilla Firefox\browser\features\e10srollout@mozilla.org.xpi
1489068830006	addons.xpi	DEBUG	Calling bootstrap method startup on e10srollout@mozilla.org version 1.7
1489068830008	addons.xpi	DEBUG	Registering manifest for C:\Program Files (x86)\Mozilla Firefox\browser\features\firefox@getpocket.com.xpi
1489068830008	addons.xpi	DEBUG	Calling bootstrap method startup on firefox@getpocket.com version 1.0.5
1489068830010	addons.xpi	DEBUG	Registering manifest for C:\Program Files (x86)\Mozilla Firefox\browser\features\webcompat@mozilla.org.xpi
1489068830010	addons.xpi	DEBUG	Calling bootstrap method startup on webcompat@mozilla.org version 1.0
1489068830012	addons.manager	DEBUG	Registering shutdown blocker for XPIProvider
1489068830012	addons.manager	DEBUG	Provider finished startup: XPIProvider
1489068830012	addons.manager	DEBUG	Starting provider: LightweightThemeManager
1489068830012	addons.manager	DEBUG	Registering shutdown blocker for LightweightThemeManager
1489068830012	addons.manager	DEBUG	Provider finished startup: LightweightThemeManager
1489068830013	addons.manager	DEBUG	Starting provider: GMPProvider
1489068830020	addons.manager	DEBUG	Registering shutdown blocker for GMPProvider
1489068830020	addons.manager	DEBUG	Provider finished startup: GMPProvider
1489068830020	addons.manager	DEBUG	Starting provider: PluginProvider
1489068830020	addons.manager	DEBUG	Registering shutdown blocker for PluginProvider
1489068830020	addons.manager	DEBUG	Provider finished startup: PluginProvider
1489068830021	addons.manager	DEBUG	Completed startup sequence
1489068830223	Marionette	INFO	Listening on port 60511
1489068830398	addons.manager	DEBUG	Starting provider: <unnamed-provider>
1489068830398	addons.manager	DEBUG	Registering shutdown blocker for <unnamed-provider>
1489068830398	addons.manager	DEBUG	Provider finished startup: <unnamed-provider>
1489068830438	addons.manager	DEBUG	Starting provider: PreviousExperimentProvider
1489068830439	addons.manager	DEBUG	Registering shutdown blocker for PreviousExperimentProvider
1489068830439	addons.manager	DEBUG	Provider finished startup: PreviousExperimentProvider
1489068830441	DeferredSave.extensions.json	DEBUG	Starting write
1489068830703	DeferredSave.extensions.json	DEBUG	Write succeeded
1489068830703	addons.xpi-utils	DEBUG	XPI Database saved, setting schema version preference to 19
1489068831648	Marionette	WARN	Using deprecated data structure for setting timeouts
1489068831653	Marionette	WARN	Using deprecated data structure for setting timeouts
JavaScript warning: https://m.baidu.com/#, line 1: unreachable code after return statement
[Child 15048] ###!!! ABORT: Aborting on channel error.: file c:/builds/moz2_slave/m-rel-w32-00000000000000000000/build/src/ipc/glue/MessageChannel.cpp, line 2056
513
[Child 11280] ###!!! ABORT: Aborting on channel error.: file c:/builds/moz2_slave/m-rel-w32-00000000000000000000/build/src/ipc/glue/MessageChannel.cpp, line 2056
00000/build/src/ipc/glue/MessageChannel.cpp, line 2056
per@mozilla.org version 1.0
1488531145202	addons.manager	DEBUG	shutdown
1488531145202	addons.manager	DEBUG	Calling shutdown blocker for XPIProvider
1488531145202	addons.xpi	DEBUG	shutdown
1488531145202	addons.xpi-utils	DEBUG	shutdown
1488531145203	addons.manager	DEBUG	Calling shutdown blocker for LightweightThemeManager
1488531145203	addons.manager	DEBUG	Calling shutdown blocker for GMPProvider
1488531145205	addons.manager	DEBUG	Calling shutdown blocker for PluginProvider
1488531145205	addons.manager	DEBUG	Calling shutdown blocker for <unnamed-provider>
1488531145207	addons.manager	DEBUG	Calling shutdown blocker for PreviousExperimentProvider
1488531145209	addons.xpi	DEBUG	Notifying XPI shutdown observers
1488531145212	addons.manager	DEBUG	Async provider shutdown done
0
1488530763899	addons.productaddons	INFO	Downloaded file will be saved to C:\Users\ADMINI~1\AppData\Local\Temp\tmpaddon
1488531054936	addons.manager	INFO	Skipping background update check
1488531294959	DeferredSave.extensions.json	DEBUG	Save changes
1488531294961	DeferredSave.extensions.json	DEBUG	Starting timer
1488531294984	DeferredSave.extensions.json	DEBUG	Starting write
1488531294994	DeferredSave.extensions.json	DEBUG	Write succeeded
1488532171530	addons.xpi	DEBUG	Calling bootstrap method shutdown on webcompat@mozilla.org version 1.0
1488532171530	addons.xpi	DEBUG	Calling bootstrap method shutdown on firefox@getpocket.com version 1.0.5
1488532171531	addons.xpi	DEBUG	Calling bootstrap method shutdown on e10srollout@mozilla.org version 1.7
1488532171531	addons.xpi	DEBUG	Calling bootstrap method shutdown on aushelper@mozilla.org version 1.0
[Child 13128] WARNING: pipe error: 109: file c:/builds/moz2_slave/m-rel-w32-00000000000000000000/build/src/ipc/chromium/src/chrome/common/ipc_channel_win.cc, line 346
[Child 13128] WARNING: pipe error: 109: file c:/builds/moz2_slave/m-rel-w32-00000000000000000000/build/src/ipc/chromium/src/chrome/common/ipc_channel_win.cc, line 346
1488532171680	addons.manager	DEBUG	shutdown
1488532171681	addons.manager	DEBUG	Calling shutdown blocker for XPIProvider
1488532171681	addons.xpi	DEBUG	shutdown
1488532171681	addons.xpi-utils	DEBUG	shutdown
1488532171682	addons.manager	DEBUG	Calling shutdown blocker for LightweightThemeManager
1488532171682	addons.manager	DEBUG	Calling shutdown blocker for GMPProvider
1488532171684	addons.manager	DEBUG	Calling shutdown blocker for PluginProvider
1488532171685	addons.manager	DEBUG	Calling shutdown blocker for <unnamed-provider>
1488532171686	addons.manager	DEBUG	Calling shutdown blocker for PreviousExperimentProvider
1488532171689	addons.xpi	DEBUG	Notifying XPI shutdown observers
1488532171692	addons.manager	DEBUG	Async provider shutdown done
